\BOOKMARK [1][-]{section*.1}{\376\377\000Q\000u\000e\000s\000t\000i\000o\000n\000\040\0001}{}% 1
\BOOKMARK [2][-]{section*.2}{\376\377\000M\000\351\000t\000h\000o\000d\000e\000\040\000d\000e\000\040\000v\000r\000a\000i\000s\000e\000m\000b\000l\000a\000n\000c\000e\000\040\000a\000v\000e\000c\000\040\000d\000o\000n\000n\000\351\000e\000s\000\040\000c\000o\000m\000p\000l\000\350\000t\000e\000s}{section*.1}% 2
\BOOKMARK [3][-]{section*.3}{\376\377\000a\000\051\000\040\000E\000s\000t\000i\000m\000a\000t\000i\000o\000n\000\040\000d\000e\000s\000\040\000p\000a\000r\000a\000m\000\350\000t\000r\000e\000s}{section*.2}% 3
\BOOKMARK [3][-]{section*.4}{\376\377\000b\000\051\000\040\000D\000\351\000t\000e\000r\000m\000i\000n\000a\000t\000i\000o\000n\000\040\000d\000e\000s\000\040\000p\000r\000i\000m\000e\000s\000\040\000s\000t\000o\000p\000-\000l\000o\000s\000s}{section*.2}% 4
\BOOKMARK [3][-]{section*.5}{\376\377\000c\000\051\000\040\000D\000\351\000t\000e\000r\000m\000i\000n\000a\000t\000i\000o\000n\000\040\000d\000e\000\040\000l\000'\000e\000s\000p\000\351\000r\000a\000n\000c\000e\000\040\000l\000i\000m\000i\000t\000\351\000e}{section*.2}% 5
\BOOKMARK [3][-]{section*.6}{\376\377\000d\000\051\000\040\000D\000\351\000t\000e\000r\000m\000i\000n\000a\000t\000i\000o\000n\000\040\000d\000e\000\040\000l\000a\000\040\000p\000r\000i\000m\000e\000\040\000s\000t\000o\000p\000-\000l\000o\000s\000s\000\040\000p\000a\000r\000\040\000s\000i\000m\000u\000l\000a\000t\000i\000o\000n\000\040\000a\000v\000e\000c\000\040\000u\000n\000\040\000d\000\351\000d\000u\000c\000t\000i\000b\000l\000e\000\040\000d\000e\000\040\0002\0000\0000\0000}{section*.2}% 6
\BOOKMARK [1][-]{section*.7}{\376\377\000Q\000u\000e\000s\000t\000i\000o\000n\000\040\0002}{}% 7
\BOOKMARK [2][-]{section*.8}{\376\377\000M\000\351\000t\000h\000o\000d\000e\000\040\000d\000e\000\040\000v\000r\000a\000i\000s\000e\000m\000b\000l\000a\000n\000c\000e\000\040\000a\000v\000e\000c\000\040\000d\000o\000n\000n\000\351\000e\000s\000\040\000g\000r\000o\000u\000p\000\351\000e\000s}{section*.7}% 8
\BOOKMARK [3][-]{section*.9}{\376\377\000a\000\051\000\040\000E\000s\000t\000i\000m\000a\000t\000i\000o\000n\000\040\000d\000e\000s\000\040\000p\000a\000r\000a\000m\000\350\000t\000r\000e\000s}{section*.8}% 9
\BOOKMARK [3][-]{section*.10}{\376\377\000b\000\051\000\040\000D\000\351\000t\000e\000r\000m\000i\000n\000a\000t\000i\000o\000n\000\040\000d\000e\000s\000\040\000p\000r\000i\000m\000e\000s\000\040\000s\000t\000o\000p\000-\000l\000o\000s\000s}{section*.8}% 10
\BOOKMARK [3][-]{section*.11}{\376\377\000c\000\051\000\040\000D\000\351\000t\000e\000r\000m\000i\000n\000a\000t\000i\000o\000n\000\040\000d\000e\000\040\000l\000'\000e\000s\000p\000\351\000r\000a\000n\000c\000e\000\040\000l\000i\000m\000i\000t\000\351\000e}{section*.8}% 11
\BOOKMARK [1][-]{section*.12}{\376\377\000Q\000u\000e\000s\000t\000i\000o\000n\000\040\0003}{}% 12
\BOOKMARK [2][-]{section*.13}{\376\377\000E\000s\000t\000i\000m\000a\000t\000e\000u\000r\000\040\000d\000e\000\040\000B\000a\000y\000e\000s}{section*.12}% 13
\BOOKMARK [3][-]{section*.14}{\376\377\000a\000\051\000\040\000E\000s\000t\000i\000m\000a\000t\000i\000o\000n\000\040\000d\000u\000\040\000p\000a\000r\000a\000m\000\350\000t\000r\000e\000\040\000\134\000t\000h\000e\000t\000a}{section*.13}% 14
\BOOKMARK [3][-]{section*.15}{\376\377\000b\000\051\000\040\000P\000r\000\351\000s\000e\000n\000t\000a\000t\000i\000o\000n\000\040\000g\000r\000a\000p\000h\000i\000q\000u\000e\000\040\000d\000e\000\040\000l\000a\000\040\000l\000o\000i\000\040\000b\000e\000t\000a\000\040\000a\000\040\000p\000r\000i\000o\000r\000i}{section*.13}% 15
\BOOKMARK [3][-]{section*.18}{\376\377\000c\000\051\000\040\000D\000\351\000t\000e\000r\000m\000i\000n\000a\000t\000i\000o\000n\000\040\000d\000e\000\040\000l\000a\000\040\000l\000o\000i\000\040\000\340\000\040\000p\000o\000s\000t\000e\000r\000i\000o\000r\000i\000\040\000a\000i\000n\000s\000i\000\040\000q\000u\000e\000\040\000l\000a\000\040\000v\000a\000l\000e\000u\000r\000\040\000e\000x\000a\000c\000t\000e\000\040\000d\000e\000\040\000l\000'\000e\000s\000t\000i\000m\000a\000t\000e\000u\000r\000\040\000d\000e\000\040\000B\000a\000y\000e\000s}{section*.13}% 16
\BOOKMARK [3][-]{section*.23}{\376\377\000d\000\051\000\040\000A\000p\000p\000r\000o\000x\000i\000m\000a\000t\000i\000o\000n\000\040\000d\000e\000\040\000l\000'\000e\000s\000t\000i\000m\000a\000t\000e\000u\000r\000\040\000d\000e\000\040\000B\000a\000y\000e\000s\000\040\000p\000a\000r\000\040\000s\000i\000m\000u\000l\000a\000t\000i\000o\000n}{section*.13}% 17
\BOOKMARK [1][-]{section*.24}{\376\377\000A\000n\000n\000e\000x\000e}{}% 18
\BOOKMARK [1][-]{section*.25}{\376\377\000Q\000u\000e\000s\000t\000i\000o\000n\000\040\0001}{}% 19
\BOOKMARK [2][-]{section*.26}{\376\377\000a\000\051\000\040\000E\000s\000t\000i\000m\000a\000t\000i\000o\000n\000\040\000d\000e\000s\000\040\000p\000a\000r\000a\000m\000\350\000t\000r\000e\000s}{section*.25}% 20
\BOOKMARK [3][-]{section*.27}{\376\377\000b\000\051\000\040\000D\000\351\000t\000e\000r\000m\000i\000n\000a\000t\000i\000o\000n\000\040\000d\000e\000s\000\040\000p\000r\000i\000m\000e\000s\000\040\000s\000t\000o\000p\000-\000l\000o\000s\000s}{section*.26}% 21
\BOOKMARK [3][-]{section*.28}{\376\377\000c\000\051\000\040\000D\000\351\000t\000e\000r\000m\000i\000n\000a\000t\000i\000o\000n\000\040\000d\000e\000s\000\040\000p\000r\000i\000m\000e\000s\000\040\000l\000i\000m\000i\000t\000e\000d\000\040\000l\000o\000s\000s}{section*.26}% 22
\BOOKMARK [3][-]{section*.29}{\376\377\000d\000\051\000\040\000D\000\351\000t\000e\000r\000m\000i\000n\000a\000t\000i\000o\000n\000\040\000d\000e\000\040\000l\000a\000\040\000p\000r\000i\000m\000e\000\040\000s\000t\000o\000p\000-\000l\000o\000s\000s\000\040\000p\000a\000r\000\040\000s\000i\000m\000u\000l\000a\000t\000i\000o\000n\000\040\000a\000v\000e\000c\000\040\000u\000n\000\040\000d\000\351\000d\000u\000c\000t\000i\000b\000l\000e\000\040\000d\000\040\000=\000\040\0002\0000\0000\0000}{section*.26}% 23
\BOOKMARK [1][-]{section*.30}{\376\377\000Q\000u\000e\000s\000t\000i\000o\000n\000\040\0002}{}% 24
\BOOKMARK [2][-]{section*.31}{\376\377\000a\000\051\000\040\000E\000s\000t\000i\000m\000a\000t\000i\000o\000n\000\040\000d\000e\000s\000\040\000p\000a\000r\000a\000m\000\350\000t\000r\000e\000s}{section*.30}% 25
\BOOKMARK [3][-]{section*.32}{\376\377\000b\000\051\000\040\000D\000\351\000t\000e\000r\000m\000i\000n\000a\000t\000i\000o\000n\000\040\000d\000e\000s\000\040\000p\000r\000i\000m\000e\000s\000\040\000s\000t\000o\000p\000-\000l\000o\000s\000s}{section*.31}% 26
\BOOKMARK [3][-]{section*.33}{\376\377\000c\000\051\000\040\000D\000\351\000t\000e\000r\000m\000i\000n\000a\000t\000i\000o\000n\000\040\000d\000e\000s\000\040\000p\000r\000i\000m\000e\000s\000\040\000l\000i\000m\000i\000t\000e\000d\000\040\000l\000o\000s\000s}{section*.31}% 27
\BOOKMARK [1][-]{section*.34}{\376\377\000Q\000u\000e\000s\000t\000i\000o\000n\000\040\0003}{}% 28
\BOOKMARK [2][-]{section*.35}{\376\377\000a\000\051\000\040\000E\000s\000t\000i\000m\000a\000t\000i\000o\000n\000\040\000d\000u\000\040\000p\000a\000r\000a\000m\000\350\000t\000r\000e\000\040\000\134\000t\000h\000e\000t\000a}{section*.34}% 29
\BOOKMARK [3][-]{section*.36}{\376\377\000b\000\051\000\040\000P\000r\000\351\000s\000e\000n\000t\000a\000t\000i\000o\000n\000\040\000g\000r\000a\000p\000h\000i\000q\000u\000e\000\040\000d\000e\000\040\000l\000a\000\040\000l\000o\000i\000\040\000b\000e\000t\000a\000\040\000a\000\040\000p\000r\000i\000o\000r\000i}{section*.35}% 30
\BOOKMARK [3][-]{section*.37}{\376\377\000c\000\051\000\040\000D\000\351\000t\000e\000r\000m\000i\000n\000a\000t\000i\000o\000n\000\040\000d\000e\000\040\000l\000a\000\040\000l\000o\000i\000\040\000a\000\040\000p\000o\000s\000t\000e\000r\000i\000o\000r\000i\000\040\000a\000i\000n\000s\000i\000\040\000q\000u\000e\000\040\000l\000a\000\040\000v\000a\000l\000e\000u\000r\000\040\000e\000x\000a\000c\000t\000e\000\040\000d\000e\000\040\000l\000'\000e\000s\000t\000i\000m\000a\000t\000e\000u\000r\000\040\000d\000e\000\040\000B\000a\000y\000e\000s}{section*.35}% 31
\BOOKMARK [3][-]{section*.38}{\376\377\000d\000\051\000\040\000A\000p\000p\000r\000o\000x\000i\000m\000a\000t\000i\000o\000n\000\040\000d\000e\000\040\000l\000'\000e\000s\000t\000i\000m\000a\000t\000e\000u\000r\000\040\000d\000e\000\040\000B\000a\000y\000e\000s\000\040\000p\000a\000r\000\040\000s\000i\000m\000u\000l\000a\000t\000i\000o\000n}{section*.35}% 32
